[07:01:38] [ServerMain/INFO]: Environment: Environment[sessionHost=https://sessionserver.mojang.com, servicesHost=https://api.minecraftservices.com, name=PROD]
[07:01:39] [ServerMain/INFO]: No existing world data, creating new world
[07:01:40] [ServerMain/INFO]: Loaded 1290 recipes
[07:01:40] [ServerMain/INFO]: Loaded 1399 advancements
[07:01:40] [Server thread/INFO]: Starting minecraft server version 1.21.1
[07:01:40] [Server thread/INFO]: Loading properties
[07:01:40] [Server thread/INFO]: Default game type: SURVIVAL
[07:01:40] [Server thread/INFO]: Generating keypair
[07:01:40] [Server thread/INFO]: Starting Minecraft server on *:25565
[07:01:40] [Server thread/INFO]: Using epoll channel type
[07:01:40] [Server thread/WARN]: **** SERVER IS RUNNING IN OFFLINE/INSECURE MODE!
[07:01:40] [Server thread/WARN]: The server will make no attempt to authenticate usernames. Beware.
[07:01:40] [Server thread/WARN]: While this makes the game possible to play without internet access, it also opens up the ability for hackers to connect with any username they choose.
[07:01:40] [Server thread/WARN]: To change this, set "online-mode" to "true" in the server.properties file.
[07:01:40] [Server thread/INFO]: Preparing level "world"
[07:01:46] [Server thread/INFO]: Preparing start region for dimension minecraft:overworld
[07:01:46] [Worker-Main-3/INFO]: Preparing spawn area: 2%
[07:01:46] [Worker-Main-1/INFO]: Preparing spawn area: 2%
[07:01:47] [Worker-Main-3/INFO]: Preparing spawn area: 2%
[07:01:47] [Worker-Main-2/INFO]: Preparing spawn area: 2%
[07:01:48] [Worker-Main-3/INFO]: Preparing spawn area: 2%
[07:01:48] [Worker-Main-2/INFO]: Preparing spawn area: 18%
[07:01:49] [Worker-Main-2/INFO]: Preparing spawn area: 18%
[07:01:49] [Worker-Main-2/INFO]: Preparing spawn area: 18%
[07:01:50] [Worker-Main-3/INFO]: Preparing spawn area: 51%
[07:01:50] [Worker-Main-1/INFO]: Preparing spawn area: 51%
[07:01:51] [Worker-Main-1/INFO]: Preparing spawn area: 51%
[07:01:51] [Server thread/INFO]: Time elapsed: 5212 ms
[07:01:51] [Server thread/INFO]: Done (10.399s)! For help, type "help"
[07:03:57] [Server thread/INFO]: CREISIPAPU[/10.147.19.196:51236] logged in with entity id 3 at (21.5, 67.0, -38.5)
[07:03:57] [Server thread/INFO]: CREISIPAPU joined the game
[07:05:08] [Server thread/INFO]: ElAnuelDeAnuel[/10.147.19.8:37656] logged in with entity id 353 at (6.5, 71.0, -49.5)
[07:05:08] [Server thread/INFO]: ElAnuelDeAnuel joined the game
[07:10:40] [Server thread/INFO]: laureeanoKy[/10.147.19.204:65281] logged in with entity id 2305 at (16.5, 69.0, -46.5)
[07:10:40] [Server thread/INFO]: laureeanoKy joined the game
[07:11:21] [Server thread/INFO]: ElAnuelDeAnuel has made the advancement [Stone Age]
[07:11:30] [Server thread/WARN]: laureeanoKy moved too quickly! -0.23621493956167156,1.0,9.969861338770485
[07:11:35] [Server thread/WARN]: laureeanoKy moved too quickly! -8.722183068654939,3.0,-4.482140861659495
[07:12:00] [Server thread/WARN]: laureeanoKy moved too quickly! -3.5300716369856673,-9.62624542126288,1.427574075177077
[07:12:04] [Server thread/INFO]: ElAnuelDeAnuel has made the advancement [Monster Hunter]
[07:13:19] [Server thread/INFO]: santin0_01[/10.147.19.37:58567] logged in with entity id 3556 at (9.5, 71.0, -42.5)
[07:13:19] [Server thread/INFO]: santin0_01 joined the game
[07:13:32] [Server thread/INFO]: laureeanoKy has made the advancement [Stone Age]
[07:13:34] [Server thread/INFO]: ElAnuelDeAnuel has made the advancement [Getting an Upgrade]
[07:13:43] [Server thread/INFO]: laureeanoKy has made the advancement [Getting an Upgrade]
[07:14:02] [Server thread/INFO]: Incorrect argument for command
[07:14:02] [Server thread/INFO]: ...ifficulty set<--[HERE]
[07:14:09] [Server thread/INFO]: Incorrect argument for command
[07:14:09] [Server thread/INFO]: ...ifficulty set 1<--[HERE]
[07:14:14] [Server thread/INFO]: Unknown or incomplete command, see below for error
[07:14:14] [Server thread/INFO]: set difficulty 1<--[HERE]
[07:14:15] [Server thread/INFO]: CREISIPAPU was slain by Husk
[07:14:32] [Server thread/INFO]: ElAnuelDeAnuel has made the advancement [Diamonds!]
[07:14:41] [Server thread/INFO]: The difficulty has been set to Normal
[07:16:01] [Server thread/INFO]: laureeanoKy has made the advancement [Acquire Hardware]
[07:16:08] [Server thread/INFO]: laureeanoKy has made the advancement [Monster Hunter]
[07:16:16] [Server thread/INFO]: laureeanoKy has made the advancement [Sweet Dreams]
[07:16:42] [Server thread/INFO]: CREISIPAPU has made the advancement [Monster Hunter]
[07:16:43] [Server thread/INFO]: CREISIPAPU was slain by Zombie
[07:16:59] [Server thread/WARN]: laureeanoKy moved too quickly! 7.95604593319166,1.0,-6.149669704389588
[07:17:12] [Server thread/INFO]: The difficulty has been set to Hard
[07:17:26] [Server thread/INFO]: laureeanoKy has made the advancement [Isn't It Iron Pick]
[07:17:50] [Server thread/INFO]: santin0_01 was doomed to fall by Skeleton
[07:18:29] [Server thread/INFO]: santin0_01 was slain by Zombie
[07:18:29] [Server thread/WARN]: santin0_01 moved too quickly! 7.225884082706789,0.2712241076924897,-7.0203602225558654
[07:18:31] [Server thread/INFO]: CREISIPAPU was slain by Zombie
[07:19:37] [Server thread/INFO]: ElAnuelDeAnuel was slain by Zombie
[07:20:14] [Server thread/INFO]: santin0_01 has made the advancement [Sweet Dreams]
[07:20:24] [Server thread/INFO]: CREISIPAPU was blown up by Creeper
[07:21:10] [Server thread/INFO]: laureeanoKy has made the advancement [Not Today, Thank You]
[07:23:04] [Server thread/INFO]: CREISIPAPU has made the advancement [Stone Age]
[07:23:11] [Server thread/INFO]: CREISIPAPU has made the advancement [Getting an Upgrade]
[07:23:12] [Server thread/INFO]: laureeanoKy lost connection: Timed out
[07:23:12] [Server thread/INFO]: laureeanoKy left the game
[07:23:12] [Server thread/WARN]: handleDisconnection() called twice
[07:23:29] [Server thread/WARN]: santin0_01 moved too quickly! -0.09096133917502414,-1.0244240882136921,-10.05504176588272
[07:23:40] [Server thread/INFO]: laureeanoKy[/10.147.19.204:49465] logged in with entity id 11230 at (-310.69999998807907, 80.0, -3.603862791921657)
[07:23:40] [Server thread/INFO]: laureeanoKy joined the game
[07:24:09] [Server thread/INFO]: laureeanoKy has made the advancement [A Seedy Place]
[07:24:43] [Server thread/INFO]: ElAnuelDeAnuel has made the advancement [Ice Bucket Challenge]
[07:26:02] [Server thread/INFO]: santin0_01 has made the advancement [Stone Age]
[07:26:21] [Server thread/INFO]: [Not Secure] <laureeanoKy> -330 -30
[07:26:59] [Server thread/INFO]: santin0_01 has made the advancement [Getting an Upgrade]
[07:28:32] [Server thread/INFO]: [Not Secure] <CREISIPAPU> 500 20 150
[07:29:11] [Server thread/INFO]: laureeanoKy lost connection: Timed out
[07:29:11] [Server thread/INFO]: laureeanoKy left the game
[07:29:55] [Server thread/INFO]: laureeanoKy[/10.147.19.204:49779] logged in with entity id 16175 at (-328.2220827014142, 75.0, -6.130507994929275)
[07:29:55] [Server thread/INFO]: laureeanoKy joined the game
[07:30:00] [Server thread/INFO]: ElAnuelDeAnuel starved to death
[07:30:23] [Server thread/WARN]: santin0_01 moved too quickly! -10.008679522396818,0.7684762024129839,0.343762786396951
[07:30:48] [Server thread/INFO]: santin0_01 has made the advancement [A Seedy Place]
[07:30:53] [Server thread/INFO]: [Not Secure] <CREISIPAPU> 520 170
[07:31:40] [Server thread/INFO]: laureeanoKy lost connection: Timed out
[07:31:40] [Server thread/INFO]: laureeanoKy left the game
[07:31:53] [Server thread/INFO]: laureeanoKy[/10.147.19.204:49871] logged in with entity id 18192 at (-327.24680067630254, 75.0, -11.939789464938308)
[07:31:53] [Server thread/INFO]: laureeanoKy joined the game
[07:32:23] [Server thread/INFO]: santin0_01 lost connection: Disconnected
[07:32:23] [Server thread/INFO]: santin0_01 left the game
[07:32:38] [Server thread/INFO]: santin0_01[/10.147.19.37:59538] logged in with entity id 19096 at (47.94208460171945, 100.0, -271.4823120804949)
[07:32:38] [Server thread/INFO]: santin0_01 joined the game
[07:32:43] [Server thread/INFO]: [Not Secure] <laureeanoKy> ZZZZZ
[07:32:43] [Server thread/INFO]: [Not Secure] <laureeanoKy> Z
[07:32:44] [Server thread/INFO]: [Not Secure] <laureeanoKy> Z
[07:32:44] [Server thread/INFO]: [Not Secure] <laureeanoKy> Z
[07:32:44] [Server thread/INFO]: [Not Secure] <laureeanoKy> Z
[07:32:44] [Server thread/INFO]: [Not Secure] <laureeanoKy> Z
[07:34:06] [Server thread/INFO]: ElAnuelDeAnuel lost connection: Disconnected
[07:34:06] [Server thread/INFO]: ElAnuelDeAnuel left the game
[07:34:16] [Server thread/INFO]: CREISIPAPU lost connection: Disconnected
[07:34:16] [Server thread/INFO]: CREISIPAPU left the game
[07:34:24] [Server thread/INFO]: [Not Secure] <laureeanoKy> ZZZ
[07:34:24] [Server thread/INFO]: [Not Secure] <laureeanoKy> Z
[07:34:24] [Server thread/INFO]: [Not Secure] <laureeanoKy> Z
[07:35:00] [Server thread/INFO]: CREISIPAPU[/10.147.19.196:52990] logged in with entity id 20584 at (81.3012235647692, 89.0, -240.74584667606703)
[07:35:00] [Server thread/INFO]: CREISIPAPU joined the game
[07:35:02] [Server thread/INFO]: ElAnuelDeAnuel[/10.147.19.8:10045] logged in with entity id 20633 at (498.7505717333962, 88.0, -16.04738313007707)
[07:35:02] [Server thread/INFO]: ElAnuelDeAnuel joined the game
[07:35:20] [Server thread/INFO]: laureeanoKy lost connection: Disconnected
[07:35:20] [Server thread/INFO]: laureeanoKy left the game
[07:35:28] [Server thread/INFO]: laureeanoKy[/10.147.19.204:50040] logged in with entity id 21134 at (-315.21102376022367, 79.0, -13.798879197317332)
[07:35:28] [Server thread/INFO]: laureeanoKy joined the game
[07:41:03] [Server thread/INFO]: laureeanoKy lost connection: Disconnected
[07:41:03] [Server thread/INFO]: laureeanoKy left the game
[07:41:12] [Server thread/INFO]: laureeanoKy[/10.147.19.204:50306] logged in with entity id 25772 at (-320.52262798996475, 77.0, -19.12535323260286)
[07:41:12] [Server thread/INFO]: laureeanoKy joined the game
[07:41:58] [Server thread/INFO]: santin0_01 was slain by Zombie
[07:43:21] [Server thread/WARN]: Mismatch in destroy block pos: jd{x=-156, y=112, z=-201} jd{x=-156, y=112, z=-200}
[07:45:23] [Server thread/WARN]: santin0_01 moved too quickly! 4.53122886120514,-2.0,9.00331067536257
[07:46:15] [Server thread/INFO]: ElAnuelDeAnuel has made the advancement [Sweet Dreams]
[07:46:43] [Server thread/INFO]: laureeanoKy lost connection: Timed out
[07:46:43] [Server thread/INFO]: laureeanoKy left the game
[07:46:47] [Server thread/INFO]: santin0_01 was blown up by Creeper
[07:46:51] [Server thread/INFO]: CREISIPAPU lost connection: Disconnected
[07:46:51] [Server thread/INFO]: CREISIPAPU left the game
[07:46:54] [Server thread/INFO]: santin0_01 lost connection: Disconnected
[07:46:54] [Server thread/INFO]: santin0_01 left the game
[07:47:03] [Server thread/INFO]: laureeanoKy[/10.147.19.204:50582] logged in with entity id 29890 at (-329.5, 79.0, -26.5)
[07:47:03] [Server thread/INFO]: laureeanoKy joined the game
[07:47:05] [Server thread/INFO]: CREISIPAPU[/10.147.19.196:53693] logged in with entity id 30116 at (-324.94218150973137, 79.0, -29.169613650325253)
[07:47:05] [Server thread/INFO]: CREISIPAPU joined the game
[07:47:54] [Server thread/INFO]: santin0_01[/10.147.19.37:60316] logged in with entity id 30435 at (-32.535774627212774, 64.0, -136.28379224291075)
[07:47:54] [Server thread/INFO]: santin0_01 joined the game
[07:48:34] [Server thread/WARN]: santin0_01 moved too quickly! -0.7032455942351206,1.395575898673286,-10.061310282005365
[07:49:14] [Server thread/INFO]: CREISIPAPU has made the advancement [Fishy Business]
[07:51:37] [Server thread/INFO]: santin0_01 has made the advancement [Monster Hunter]
[07:52:06] [Server thread/INFO]: laureeanoKy lost connection: Disconnected
[07:52:06] [Server thread/INFO]: laureeanoKy left the game
[07:52:58] [Server thread/INFO]: laureeanoKy[/10.147.19.204:50868] logged in with entity id 35415 at (-316.54140424008204, 79.0, -15.08212321004258)
[07:52:58] [Server thread/INFO]: laureeanoKy joined the game
[07:54:45] [Server thread/INFO]: ElAnuelDeAnuel has made the advancement [Acquire Hardware]
[07:55:22] [Server thread/INFO]: laureeanoKy lost connection: Disconnected
[07:55:22] [Server thread/INFO]: laureeanoKy left the game
[07:56:09] [Server thread/INFO]: laureeanoKy[/10.147.19.204:51043] logged in with entity id 38779 at (-328.30000001192093, 75.0, -12.443700329193705)
[07:56:09] [Server thread/INFO]: laureeanoKy joined the game
[07:59:49] [Server thread/INFO]: laureeanoKy has made the advancement [What a Deal!]
[08:02:44] [Server thread/INFO]: CREISIPAPU has made the advancement [What a Deal!]
[08:03:41] [Server thread/INFO]: santin0_01 was shot by Skeleton
[08:04:10] [Server thread/INFO]: santin0_01 lost connection: Timed out
[08:04:10] [Server thread/INFO]: santin0_01 left the game
[08:04:11] [Server thread/INFO]: laureeanoKy lost connection: Disconnected
[08:04:11] [Server thread/INFO]: laureeanoKy left the game
[08:04:21] [Server thread/INFO]: laureeanoKy[/10.147.19.204:51432] logged in with entity id 48494 at (-327.11729895718713, 79.0, -13.831351954891351)
[08:04:21] [Server thread/INFO]: laureeanoKy joined the game
[08:04:24] [Server thread/INFO]: santin0_01[/10.147.19.37:61133] logged in with entity id 48561 at (28.51248414894148, -42.2468000194788, -147.21854626155195)
[08:04:24] [Server thread/INFO]: santin0_01 joined the game
[08:05:00] [Server thread/INFO]: laureeanoKy lost connection: Disconnected
[08:05:00] [Server thread/INFO]: laureeanoKy left the game
[08:05:10] [Server thread/INFO]: CREISIPAPU lost connection: Disconnected
[08:05:10] [Server thread/INFO]: CREISIPAPU left the game
[08:05:10] [Server thread/INFO]: ElAnuelDeAnuel lost connection: Disconnected
[08:05:10] [Server thread/INFO]: ElAnuelDeAnuel left the game
[08:06:16] [Server thread/INFO]: santin0_01 has made the advancement [Acquire Hardware]
[08:07:38] [Server thread/INFO]: santin0_01 has made the advancement [Isn't It Iron Pick]
[08:07:52] [Server thread/INFO]: Unknown game mode: 1
[08:07:52] [Server thread/INFO]: gamemode 1 santin0_01<--[HERE]
[08:08:01] [Server thread/INFO]: Set santin0_01's game mode to Creative Mode
[08:08:48] [Server thread/INFO]: Set santin0_01's game mode to Survival Mode
[08:09:04] [Server thread/INFO]: santin0_01 lost connection: Disconnected
[08:09:04] [Server thread/INFO]: santin0_01 left the game
[08:09:07] [Server thread/INFO]: Unknown or incomplete command, see below for error
[08:09:07] [Server thread/INFO]: stopstop<--[HERE]
[08:09:09] [Server thread/INFO]: Stopping the server
[08:09:09] [Server thread/INFO]: Stopping server
[08:09:09] [Server thread/INFO]: Saving players
[08:09:09] [Server thread/INFO]: Saving worlds
[08:09:09] [Server thread/INFO]: Saving chunks for level 'ServerLevel[world]'/minecraft:overworld
[08:09:09] [Server thread/INFO]: Saving chunks for level 'ServerLevel[world]'/minecraft:the_end
[08:09:09] [Server thread/INFO]: Saving chunks for level 'ServerLevel[world]'/minecraft:the_nether
[08:09:09] [Server thread/INFO]: ThreadedAnvilChunkStorage (world): All chunks are saved
[08:09:09] [Server thread/INFO]: ThreadedAnvilChunkStorage (DIM1): All chunks are saved
[08:09:09] [Server thread/INFO]: ThreadedAnvilChunkStorage (DIM-1): All chunks are saved
[08:09:09] [Server thread/INFO]: ThreadedAnvilChunkStorage: All dimensions are saved
